<?xml version="1.0" encoding="UTF-8"?>
<testsuite name="xyz.codepunk.phpbbparser.AuthorTest" tests="1" skipped="0" failures="0" errors="0" timestamp="2020-08-26T15:08:11" hostname="megatron" time="0.0">
  <properties/>
  <testcase name="testAuthor" classname="xyz.codepunk.phpbbparser.AuthorTest" time="0.0"/>
  <system-out><![CDATA[]]></system-out>
  <system-err><![CDATA[]]></system-err>
</testsuite>
