<?xml version="1.0" encoding="UTF-8"?>
<testsuite name="xyz.codepunk.phpbbparser.PostsPageParserTest" tests="69" skipped="0" failures="0" errors="0" timestamp="2020-09-01T07:48:38" hostname="megatron" time="0.266">
  <properties/>
  <testcase name="testPostsPageParser()[1]" classname="xyz.codepunk.phpbbparser.PostsPageParserTest" time="0.007"/>
  <testcase name="testPostsPageParser()[2]" classname="xyz.codepunk.phpbbparser.PostsPageParserTest" time="0.006"/>
  <testcase name="testPostsPageParser()[3]" classname="xyz.codepunk.phpbbparser.PostsPageParserTest" time="0.026"/>
  <testcase name="testPostsPageParser()[4]" classname="xyz.codepunk.phpbbparser.PostsPageParserTest" time="0.001"/>
  <testcase name="testPostsPageParser()[5]" classname="xyz.codepunk.phpbbparser.PostsPageParserTest" time="0.001"/>
  <testcase name="testPostsPageParser()[6]" classname="xyz.codepunk.phpbbparser.PostsPageParserTest" time="0.001"/>
  <testcase name="testPostsPageParser()[7]" classname="xyz.codepunk.phpbbparser.PostsPageParserTest" time="0.0"/>
  <testcase name="testPostsPageParser()[8]" classname="xyz.codepunk.phpbbparser.PostsPageParserTest" time="0.0"/>
  <testcase name="testPostsPageParser()[9]" classname="xyz.codepunk.phpbbparser.PostsPageParserTest" time="0.0"/>
  <testcase name="testPostsPageParser()[10]" classname="xyz.codepunk.phpbbparser.PostsPageParserTest" time="0.0"/>
  <testcase name="testPostsPageParser()[11]" classname="xyz.codepunk.phpbbparser.PostsPageParserTest" time="0.0"/>
  <testcase name="testPostsPageParser()[12]" classname="xyz.codepunk.phpbbparser.PostsPageParserTest" time="0.001"/>
  <testcase name="testPostsPageParser()[13]" classname="xyz.codepunk.phpbbparser.PostsPageParserTest" time="0.0"/>
  <testcase name="testPostsPageParser()[14]" classname="xyz.codepunk.phpbbparser.PostsPageParserTest" time="0.0"/>
  <testcase name="testPostsPageParser()[15]" classname="xyz.codepunk.phpbbparser.PostsPageParserTest" time="0.001"/>
  <testcase name="testPostsPageParser()[16]" classname="xyz.codepunk.phpbbparser.PostsPageParserTest" time="0.006"/>
  <testcase name="testPostsPageParser()[17]" classname="xyz.codepunk.phpbbparser.PostsPageParserTest" time="0.006"/>
  <testcase name="testPostsPageParser()[18]" classname="xyz.codepunk.phpbbparser.PostsPageParserTest" time="0.032"/>
  <testcase name="testPostsPageParser()[19]" classname="xyz.codepunk.phpbbparser.PostsPageParserTest" time="0.0"/>
  <testcase name="testPostsPageParser()[20]" classname="xyz.codepunk.phpbbparser.PostsPageParserTest" time="0.0"/>
  <testcase name="testPostsPageParser()[21]" classname="xyz.codepunk.phpbbparser.PostsPageParserTest" time="0.001"/>
  <testcase name="testPostsPageParser()[22]" classname="xyz.codepunk.phpbbparser.PostsPageParserTest" time="0.0"/>
  <testcase name="testPostsPageParser()[23]" classname="xyz.codepunk.phpbbparser.PostsPageParserTest" time="0.001"/>
  <testcase name="testPostsPageParser()[24]" classname="xyz.codepunk.phpbbparser.PostsPageParserTest" time="0.0"/>
  <testcase name="testPostsPageParser()[25]" classname="xyz.codepunk.phpbbparser.PostsPageParserTest" time="0.001"/>
  <testcase name="testPostsPageParser()[26]" classname="xyz.codepunk.phpbbparser.PostsPageParserTest" time="0.001"/>
  <testcase name="testPostsPageParser()[27]" classname="xyz.codepunk.phpbbparser.PostsPageParserTest" time="0.0"/>
  <testcase name="testPostsPageParser()[28]" classname="xyz.codepunk.phpbbparser.PostsPageParserTest" time="0.0"/>
  <testcase name="testPostsPageParser()[29]" classname="xyz.codepunk.phpbbparser.PostsPageParserTest" time="0.0"/>
  <testcase name="testPostsPageParser()[30]" classname="xyz.codepunk.phpbbparser.PostsPageParserTest" time="0.001"/>
  <testcase name="testPostsPageParser()[31]" classname="xyz.codepunk.phpbbparser.PostsPageParserTest" time="0.015"/>
  <testcase name="testPostsPageParser()[32]" classname="xyz.codepunk.phpbbparser.PostsPageParserTest" time="0.015"/>
  <testcase name="testPostsPageParser()[33]" classname="xyz.codepunk.phpbbparser.PostsPageParserTest" time="0.087"/>
  <testcase name="testPostsPageParser()[34]" classname="xyz.codepunk.phpbbparser.PostsPageParserTest" time="0.001"/>
  <testcase name="testPostsPageParser()[35]" classname="xyz.codepunk.phpbbparser.PostsPageParserTest" time="0.0"/>
  <testcase name="testPostsPageParser()[36]" classname="xyz.codepunk.phpbbparser.PostsPageParserTest" time="0.0"/>
  <testcase name="testPostsPageParser()[37]" classname="xyz.codepunk.phpbbparser.PostsPageParserTest" time="0.0"/>
  <testcase name="testPostsPageParser()[38]" classname="xyz.codepunk.phpbbparser.PostsPageParserTest" time="0.0"/>
  <testcase name="testPostsPageParser()[39]" classname="xyz.codepunk.phpbbparser.PostsPageParserTest" time="0.0"/>
  <testcase name="testPostsPageParser()[40]" classname="xyz.codepunk.phpbbparser.PostsPageParserTest" time="0.001"/>
  <testcase name="testPostsPageParser()[41]" classname="xyz.codepunk.phpbbparser.PostsPageParserTest" time="0.0"/>
  <testcase name="testPostsPageParser()[42]" classname="xyz.codepunk.phpbbparser.PostsPageParserTest" time="0.0"/>
  <testcase name="testPostsPageParser()[43]" classname="xyz.codepunk.phpbbparser.PostsPageParserTest" time="0.001"/>
  <testcase name="testPostsPageParser()[44]" classname="xyz.codepunk.phpbbparser.PostsPageParserTest" time="0.0"/>
  <testcase name="testPostsPageParser()[45]" classname="xyz.codepunk.phpbbparser.PostsPageParserTest" time="0.0"/>
  <testcase name="testPostsPageParser()[46]" classname="xyz.codepunk.phpbbparser.PostsPageParserTest" time="0.0"/>
  <testcase name="testPostsPageParser()[47]" classname="xyz.codepunk.phpbbparser.PostsPageParserTest" time="0.0"/>
  <testcase name="testPostsPageParser()[48]" classname="xyz.codepunk.phpbbparser.PostsPageParserTest" time="0.001"/>
  <testcase name="testPostsPageParser()[49]" classname="xyz.codepunk.phpbbparser.PostsPageParserTest" time="0.0"/>
  <testcase name="testPostsPageParser()[50]" classname="xyz.codepunk.phpbbparser.PostsPageParserTest" time="0.0"/>
  <testcase name="testPostsPageParser()[51]" classname="xyz.codepunk.phpbbparser.PostsPageParserTest" time="0.0"/>
  <testcase name="testPostsPageParser()[52]" classname="xyz.codepunk.phpbbparser.PostsPageParserTest" time="0.0"/>
  <testcase name="testPostsPageParser()[53]" classname="xyz.codepunk.phpbbparser.PostsPageParserTest" time="0.0"/>
  <testcase name="testPostsPageParser()[54]" classname="xyz.codepunk.phpbbparser.PostsPageParserTest" time="0.0"/>
  <testcase name="testPostsPageParser()[55]" classname="xyz.codepunk.phpbbparser.PostsPageParserTest" time="0.0"/>
  <testcase name="testPostsPageParser()[56]" classname="xyz.codepunk.phpbbparser.PostsPageParserTest" time="0.0"/>
  <testcase name="testPostsPageParser()[57]" classname="xyz.codepunk.phpbbparser.PostsPageParserTest" time="0.0"/>
  <testcase name="testPostsPageParser()[58]" classname="xyz.codepunk.phpbbparser.PostsPageParserTest" time="0.0"/>
  <testcase name="testPostsPageParser()[59]" classname="xyz.codepunk.phpbbparser.PostsPageParserTest" time="0.0"/>
  <testcase name="testPostsPageParser()[60]" classname="xyz.codepunk.phpbbparser.PostsPageParserTest" time="0.0"/>
  <testcase name="testPostsPageParser()[61]" classname="xyz.codepunk.phpbbparser.PostsPageParserTest" time="0.0"/>
  <testcase name="testPostsPageParser()[62]" classname="xyz.codepunk.phpbbparser.PostsPageParserTest" time="0.0"/>
  <testcase name="testPostsPageParser()[63]" classname="xyz.codepunk.phpbbparser.PostsPageParserTest" time="0.0"/>
  <testcase name="testPostsPageParser()[64]" classname="xyz.codepunk.phpbbparser.PostsPageParserTest" time="0.0"/>
  <testcase name="testPostsPageParser()[65]" classname="xyz.codepunk.phpbbparser.PostsPageParserTest" time="0.0"/>
  <testcase name="testPostsPageParser()[66]" classname="xyz.codepunk.phpbbparser.PostsPageParserTest" time="0.0"/>
  <testcase name="testPostsPageParser()[67]" classname="xyz.codepunk.phpbbparser.PostsPageParserTest" time="0.0"/>
  <testcase name="testPostsPageParser()[68]" classname="xyz.codepunk.phpbbparser.PostsPageParserTest" time="0.001"/>
  <testcase name="testPostsPageParser()[69]" classname="xyz.codepunk.phpbbparser.PostsPageParserTest" time="0.001"/>
  <system-out><![CDATA[]]></system-out>
  <system-err><![CDATA[]]></system-err>
</testsuite>
