<?xml version="1.0" encoding="UTF-8"?>
<testsuite name="xyz.codepunk.phpbbparser.PostsPageTest" tests="1" skipped="0" failures="0" errors="0" timestamp="2020-08-26T15:08:11" hostname="megatron" time="0.001">
  <properties/>
  <testcase name="testPostsPage" classname="xyz.codepunk.phpbbparser.PostsPageTest" time="0.001"/>
  <system-out><![CDATA[]]></system-out>
  <system-err><![CDATA[]]></system-err>
</testsuite>
