<?xml version="1.0" encoding="UTF-8"?>
<testsuite name="xyz.codepunk.phpbbparser.PostsPageParserTest" tests="153" skipped="0" failures="0" errors="0" timestamp="2020-09-07T13:29:03" hostname="megatron" time="0.378">
  <properties/>
  <testcase name="testPostsPageParser()[1]" classname="xyz.codepunk.phpbbparser.PostsPageParserTest" time="0.009"/>
  <testcase name="testPostsPageParser()[2]" classname="xyz.codepunk.phpbbparser.PostsPageParserTest" time="0.001"/>
  <testcase name="testPostsPageParser()[3]" classname="xyz.codepunk.phpbbparser.PostsPageParserTest" time="0.005"/>
  <testcase name="testPostsPageParser()[4]" classname="xyz.codepunk.phpbbparser.PostsPageParserTest" time="0.005"/>
  <testcase name="testPostsPageParser()[5]" classname="xyz.codepunk.phpbbparser.PostsPageParserTest" time="0.024"/>
  <testcase name="testPostsPageParser()[6]" classname="xyz.codepunk.phpbbparser.PostsPageParserTest" time="0.0"/>
  <testcase name="testPostsPageParser()[7]" classname="xyz.codepunk.phpbbparser.PostsPageParserTest" time="0.0"/>
  <testcase name="testPostsPageParser()[8]" classname="xyz.codepunk.phpbbparser.PostsPageParserTest" time="0.001"/>
  <testcase name="testPostsPageParser()[9]" classname="xyz.codepunk.phpbbparser.PostsPageParserTest" time="0.0"/>
  <testcase name="testPostsPageParser()[10]" classname="xyz.codepunk.phpbbparser.PostsPageParserTest" time="0.0"/>
  <testcase name="testPostsPageParser()[11]" classname="xyz.codepunk.phpbbparser.PostsPageParserTest" time="0.0"/>
  <testcase name="testPostsPageParser()[12]" classname="xyz.codepunk.phpbbparser.PostsPageParserTest" time="0.0"/>
  <testcase name="testPostsPageParser()[13]" classname="xyz.codepunk.phpbbparser.PostsPageParserTest" time="0.0"/>
  <testcase name="testPostsPageParser()[14]" classname="xyz.codepunk.phpbbparser.PostsPageParserTest" time="0.001"/>
  <testcase name="testPostsPageParser()[15]" classname="xyz.codepunk.phpbbparser.PostsPageParserTest" time="0.001"/>
  <testcase name="testPostsPageParser()[16]" classname="xyz.codepunk.phpbbparser.PostsPageParserTest" time="0.0"/>
  <testcase name="testPostsPageParser()[17]" classname="xyz.codepunk.phpbbparser.PostsPageParserTest" time="0.0"/>
  <testcase name="testPostsPageParser()[18]" classname="xyz.codepunk.phpbbparser.PostsPageParserTest" time="0.0"/>
  <testcase name="testPostsPageParser()[19]" classname="xyz.codepunk.phpbbparser.PostsPageParserTest" time="0.0"/>
  <testcase name="testPostsPageParser()[20]" classname="xyz.codepunk.phpbbparser.PostsPageParserTest" time="0.004"/>
  <testcase name="testPostsPageParser()[21]" classname="xyz.codepunk.phpbbparser.PostsPageParserTest" time="0.0"/>
  <testcase name="testPostsPageParser()[22]" classname="xyz.codepunk.phpbbparser.PostsPageParserTest" time="0.004"/>
  <testcase name="testPostsPageParser()[23]" classname="xyz.codepunk.phpbbparser.PostsPageParserTest" time="0.003"/>
  <testcase name="testPostsPageParser()[24]" classname="xyz.codepunk.phpbbparser.PostsPageParserTest" time="0.021"/>
  <testcase name="testPostsPageParser()[25]" classname="xyz.codepunk.phpbbparser.PostsPageParserTest" time="0.001"/>
  <testcase name="testPostsPageParser()[26]" classname="xyz.codepunk.phpbbparser.PostsPageParserTest" time="0.0"/>
  <testcase name="testPostsPageParser()[27]" classname="xyz.codepunk.phpbbparser.PostsPageParserTest" time="0.0"/>
  <testcase name="testPostsPageParser()[28]" classname="xyz.codepunk.phpbbparser.PostsPageParserTest" time="0.0"/>
  <testcase name="testPostsPageParser()[29]" classname="xyz.codepunk.phpbbparser.PostsPageParserTest" time="0.0"/>
  <testcase name="testPostsPageParser()[30]" classname="xyz.codepunk.phpbbparser.PostsPageParserTest" time="0.001"/>
  <testcase name="testPostsPageParser()[31]" classname="xyz.codepunk.phpbbparser.PostsPageParserTest" time="0.0"/>
  <testcase name="testPostsPageParser()[32]" classname="xyz.codepunk.phpbbparser.PostsPageParserTest" time="0.0"/>
  <testcase name="testPostsPageParser()[33]" classname="xyz.codepunk.phpbbparser.PostsPageParserTest" time="0.0"/>
  <testcase name="testPostsPageParser()[34]" classname="xyz.codepunk.phpbbparser.PostsPageParserTest" time="0.001"/>
  <testcase name="testPostsPageParser()[35]" classname="xyz.codepunk.phpbbparser.PostsPageParserTest" time="0.0"/>
  <testcase name="testPostsPageParser()[36]" classname="xyz.codepunk.phpbbparser.PostsPageParserTest" time="0.0"/>
  <testcase name="testPostsPageParser()[37]" classname="xyz.codepunk.phpbbparser.PostsPageParserTest" time="0.0"/>
  <testcase name="testPostsPageParser()[38]" classname="xyz.codepunk.phpbbparser.PostsPageParserTest" time="0.0"/>
  <testcase name="testPostsPageParser()[39]" classname="xyz.codepunk.phpbbparser.PostsPageParserTest" time="0.012"/>
  <testcase name="testPostsPageParser()[40]" classname="xyz.codepunk.phpbbparser.PostsPageParserTest" time="0.001"/>
  <testcase name="testPostsPageParser()[41]" classname="xyz.codepunk.phpbbparser.PostsPageParserTest" time="0.011"/>
  <testcase name="testPostsPageParser()[42]" classname="xyz.codepunk.phpbbparser.PostsPageParserTest" time="0.011"/>
  <testcase name="testPostsPageParser()[43]" classname="xyz.codepunk.phpbbparser.PostsPageParserTest" time="0.083"/>
  <testcase name="testPostsPageParser()[44]" classname="xyz.codepunk.phpbbparser.PostsPageParserTest" time="0.001"/>
  <testcase name="testPostsPageParser()[45]" classname="xyz.codepunk.phpbbparser.PostsPageParserTest" time="0.0"/>
  <testcase name="testPostsPageParser()[46]" classname="xyz.codepunk.phpbbparser.PostsPageParserTest" time="0.0"/>
  <testcase name="testPostsPageParser()[47]" classname="xyz.codepunk.phpbbparser.PostsPageParserTest" time="0.0"/>
  <testcase name="testPostsPageParser()[48]" classname="xyz.codepunk.phpbbparser.PostsPageParserTest" time="0.001"/>
  <testcase name="testPostsPageParser()[49]" classname="xyz.codepunk.phpbbparser.PostsPageParserTest" time="0.0"/>
  <testcase name="testPostsPageParser()[50]" classname="xyz.codepunk.phpbbparser.PostsPageParserTest" time="0.0"/>
  <testcase name="testPostsPageParser()[51]" classname="xyz.codepunk.phpbbparser.PostsPageParserTest" time="0.0"/>
  <testcase name="testPostsPageParser()[52]" classname="xyz.codepunk.phpbbparser.PostsPageParserTest" time="0.001"/>
  <testcase name="testPostsPageParser()[53]" classname="xyz.codepunk.phpbbparser.PostsPageParserTest" time="0.0"/>
  <testcase name="testPostsPageParser()[54]" classname="xyz.codepunk.phpbbparser.PostsPageParserTest" time="0.0"/>
  <testcase name="testPostsPageParser()[55]" classname="xyz.codepunk.phpbbparser.PostsPageParserTest" time="0.0"/>
  <testcase name="testPostsPageParser()[56]" classname="xyz.codepunk.phpbbparser.PostsPageParserTest" time="0.0"/>
  <testcase name="testPostsPageParser()[57]" classname="xyz.codepunk.phpbbparser.PostsPageParserTest" time="0.0"/>
  <testcase name="testPostsPageParser()[58]" classname="xyz.codepunk.phpbbparser.PostsPageParserTest" time="0.0"/>
  <testcase name="testPostsPageParser()[59]" classname="xyz.codepunk.phpbbparser.PostsPageParserTest" time="0.0"/>
  <testcase name="testPostsPageParser()[60]" classname="xyz.codepunk.phpbbparser.PostsPageParserTest" time="0.0"/>
  <testcase name="testPostsPageParser()[61]" classname="xyz.codepunk.phpbbparser.PostsPageParserTest" time="0.0"/>
  <testcase name="testPostsPageParser()[62]" classname="xyz.codepunk.phpbbparser.PostsPageParserTest" time="0.0"/>
  <testcase name="testPostsPageParser()[63]" classname="xyz.codepunk.phpbbparser.PostsPageParserTest" time="0.001"/>
  <testcase name="testPostsPageParser()[64]" classname="xyz.codepunk.phpbbparser.PostsPageParserTest" time="0.0"/>
  <testcase name="testPostsPageParser()[65]" classname="xyz.codepunk.phpbbparser.PostsPageParserTest" time="0.001"/>
  <testcase name="testPostsPageParser()[66]" classname="xyz.codepunk.phpbbparser.PostsPageParserTest" time="0.0"/>
  <testcase name="testPostsPageParser()[67]" classname="xyz.codepunk.phpbbparser.PostsPageParserTest" time="0.001"/>
  <testcase name="testPostsPageParser()[68]" classname="xyz.codepunk.phpbbparser.PostsPageParserTest" time="0.0"/>
  <testcase name="testPostsPageParser()[69]" classname="xyz.codepunk.phpbbparser.PostsPageParserTest" time="0.0"/>
  <testcase name="testPostsPageParser()[70]" classname="xyz.codepunk.phpbbparser.PostsPageParserTest" time="0.0"/>
  <testcase name="testPostsPageParser()[71]" classname="xyz.codepunk.phpbbparser.PostsPageParserTest" time="0.0"/>
  <testcase name="testPostsPageParser()[72]" classname="xyz.codepunk.phpbbparser.PostsPageParserTest" time="0.0"/>
  <testcase name="testPostsPageParser()[73]" classname="xyz.codepunk.phpbbparser.PostsPageParserTest" time="0.0"/>
  <testcase name="testPostsPageParser()[74]" classname="xyz.codepunk.phpbbparser.PostsPageParserTest" time="0.001"/>
  <testcase name="testPostsPageParser()[75]" classname="xyz.codepunk.phpbbparser.PostsPageParserTest" time="0.0"/>
  <testcase name="testPostsPageParser()[76]" classname="xyz.codepunk.phpbbparser.PostsPageParserTest" time="0.0"/>
  <testcase name="testPostsPageParser()[77]" classname="xyz.codepunk.phpbbparser.PostsPageParserTest" time="0.0"/>
  <testcase name="testPostsPageParser()[78]" classname="xyz.codepunk.phpbbparser.PostsPageParserTest" time="0.0"/>
  <testcase name="testPostsPageParser()[79]" classname="xyz.codepunk.phpbbparser.PostsPageParserTest" time="0.001"/>
  <testcase name="testPostsPageParser()[80]" classname="xyz.codepunk.phpbbparser.PostsPageParserTest" time="0.0"/>
  <testcase name="testPostsPageParser()[81]" classname="xyz.codepunk.phpbbparser.PostsPageParserTest" time="0.001"/>
  <testcase name="testPostsPageParser()[82]" classname="xyz.codepunk.phpbbparser.PostsPageParserTest" time="0.0"/>
  <testcase name="testPostsPageParser()[83]" classname="xyz.codepunk.phpbbparser.PostsPageParserTest" time="0.0"/>
  <testcase name="testPostsPageParser()[84]" classname="xyz.codepunk.phpbbparser.PostsPageParserTest" time="0.0"/>
  <testcase name="testPostsPageParser()[85]" classname="xyz.codepunk.phpbbparser.PostsPageParserTest" time="0.001"/>
  <testcase name="testPostsPageParser()[86]" classname="xyz.codepunk.phpbbparser.PostsPageParserTest" time="0.004"/>
  <testcase name="testPostsPageParser()[87]" classname="xyz.codepunk.phpbbparser.PostsPageParserTest" time="0.0"/>
  <testcase name="testPostsPageParser()[88]" classname="xyz.codepunk.phpbbparser.PostsPageParserTest" time="0.004"/>
  <testcase name="testPostsPageParser()[89]" classname="xyz.codepunk.phpbbparser.PostsPageParserTest" time="0.004"/>
  <testcase name="testPostsPageParser()[90]" classname="xyz.codepunk.phpbbparser.PostsPageParserTest" time="0.05"/>
  <testcase name="testPostsPageParser()[91]" classname="xyz.codepunk.phpbbparser.PostsPageParserTest" time="0.0"/>
  <testcase name="testPostsPageParser()[92]" classname="xyz.codepunk.phpbbparser.PostsPageParserTest" time="0.0"/>
  <testcase name="testPostsPageParser()[93]" classname="xyz.codepunk.phpbbparser.PostsPageParserTest" time="0.001"/>
  <testcase name="testPostsPageParser()[94]" classname="xyz.codepunk.phpbbparser.PostsPageParserTest" time="0.0"/>
  <testcase name="testPostsPageParser()[95]" classname="xyz.codepunk.phpbbparser.PostsPageParserTest" time="0.0"/>
  <testcase name="testPostsPageParser()[96]" classname="xyz.codepunk.phpbbparser.PostsPageParserTest" time="0.001"/>
  <testcase name="testPostsPageParser()[97]" classname="xyz.codepunk.phpbbparser.PostsPageParserTest" time="0.0"/>
  <testcase name="testPostsPageParser()[98]" classname="xyz.codepunk.phpbbparser.PostsPageParserTest" time="0.0"/>
  <testcase name="testPostsPageParser()[99]" classname="xyz.codepunk.phpbbparser.PostsPageParserTest" time="0.0"/>
  <testcase name="testPostsPageParser()[100]" classname="xyz.codepunk.phpbbparser.PostsPageParserTest" time="0.0"/>
  <testcase name="testPostsPageParser()[101]" classname="xyz.codepunk.phpbbparser.PostsPageParserTest" time="0.0"/>
  <testcase name="testPostsPageParser()[102]" classname="xyz.codepunk.phpbbparser.PostsPageParserTest" time="0.0"/>
  <testcase name="testPostsPageParser()[103]" classname="xyz.codepunk.phpbbparser.PostsPageParserTest" time="0.0"/>
  <testcase name="testPostsPageParser()[104]" classname="xyz.codepunk.phpbbparser.PostsPageParserTest" time="0.001"/>
  <testcase name="testPostsPageParser()[105]" classname="xyz.codepunk.phpbbparser.PostsPageParserTest" time="0.0"/>
  <testcase name="testPostsPageParser()[106]" classname="xyz.codepunk.phpbbparser.PostsPageParserTest" time="0.0"/>
  <testcase name="testPostsPageParser()[107]" classname="xyz.codepunk.phpbbparser.PostsPageParserTest" time="0.0"/>
  <testcase name="testPostsPageParser()[108]" classname="xyz.codepunk.phpbbparser.PostsPageParserTest" time="0.0"/>
  <testcase name="testPostsPageParser()[109]" classname="xyz.codepunk.phpbbparser.PostsPageParserTest" time="0.0"/>
  <testcase name="testPostsPageParser()[110]" classname="xyz.codepunk.phpbbparser.PostsPageParserTest" time="0.0"/>
  <testcase name="testPostsPageParser()[111]" classname="xyz.codepunk.phpbbparser.PostsPageParserTest" time="0.0"/>
  <testcase name="testPostsPageParser()[112]" classname="xyz.codepunk.phpbbparser.PostsPageParserTest" time="0.0"/>
  <testcase name="testPostsPageParser()[113]" classname="xyz.codepunk.phpbbparser.PostsPageParserTest" time="0.0"/>
  <testcase name="testPostsPageParser()[114]" classname="xyz.codepunk.phpbbparser.PostsPageParserTest" time="0.001"/>
  <testcase name="testPostsPageParser()[115]" classname="xyz.codepunk.phpbbparser.PostsPageParserTest" time="0.001"/>
  <testcase name="testPostsPageParser()[116]" classname="xyz.codepunk.phpbbparser.PostsPageParserTest" time="0.001"/>
  <testcase name="testPostsPageParser()[117]" classname="xyz.codepunk.phpbbparser.PostsPageParserTest" time="0.001"/>
  <testcase name="testPostsPageParser()[118]" classname="xyz.codepunk.phpbbparser.PostsPageParserTest" time="0.0"/>
  <testcase name="testPostsPageParser()[119]" classname="xyz.codepunk.phpbbparser.PostsPageParserTest" time="0.0"/>
  <testcase name="testPostsPageParser()[120]" classname="xyz.codepunk.phpbbparser.PostsPageParserTest" time="0.001"/>
  <testcase name="testPostsPageParser()[121]" classname="xyz.codepunk.phpbbparser.PostsPageParserTest" time="0.001"/>
  <testcase name="testPostsPageParser()[122]" classname="xyz.codepunk.phpbbparser.PostsPageParserTest" time="0.001"/>
  <testcase name="testPostsPageParser()[123]" classname="xyz.codepunk.phpbbparser.PostsPageParserTest" time="0.001"/>
  <testcase name="testPostsPageParser()[124]" classname="xyz.codepunk.phpbbparser.PostsPageParserTest" time="0.0"/>
  <testcase name="testPostsPageParser()[125]" classname="xyz.codepunk.phpbbparser.PostsPageParserTest" time="0.0"/>
  <testcase name="testPostsPageParser()[126]" classname="xyz.codepunk.phpbbparser.PostsPageParserTest" time="0.001"/>
  <testcase name="testPostsPageParser()[127]" classname="xyz.codepunk.phpbbparser.PostsPageParserTest" time="0.001"/>
  <testcase name="testPostsPageParser()[128]" classname="xyz.codepunk.phpbbparser.PostsPageParserTest" time="0.001"/>
  <testcase name="testPostsPageParser()[129]" classname="xyz.codepunk.phpbbparser.PostsPageParserTest" time="0.001"/>
  <testcase name="testPostsPageParser()[130]" classname="xyz.codepunk.phpbbparser.PostsPageParserTest" time="0.001"/>
  <testcase name="testPostsPageParser()[131]" classname="xyz.codepunk.phpbbparser.PostsPageParserTest" time="0.001"/>
  <testcase name="testPostsPageParser()[132]" classname="xyz.codepunk.phpbbparser.PostsPageParserTest" time="0.0"/>
  <testcase name="testPostsPageParser()[133]" classname="xyz.codepunk.phpbbparser.PostsPageParserTest" time="0.001"/>
  <testcase name="testPostsPageParser()[134]" classname="xyz.codepunk.phpbbparser.PostsPageParserTest" time="0.001"/>
  <testcase name="testPostsPageParser()[135]" classname="xyz.codepunk.phpbbparser.PostsPageParserTest" time="0.001"/>
  <testcase name="testPostsPageParser()[136]" classname="xyz.codepunk.phpbbparser.PostsPageParserTest" time="0.001"/>
  <testcase name="testPostsPageParser()[137]" classname="xyz.codepunk.phpbbparser.PostsPageParserTest" time="0.0"/>
  <testcase name="testPostsPageParser()[138]" classname="xyz.codepunk.phpbbparser.PostsPageParserTest" time="0.0"/>
  <testcase name="testPostsPageParser()[139]" classname="xyz.codepunk.phpbbparser.PostsPageParserTest" time="0.0"/>
  <testcase name="testPostsPageParser()[140]" classname="xyz.codepunk.phpbbparser.PostsPageParserTest" time="0.001"/>
  <testcase name="testPostsPageParser()[141]" classname="xyz.codepunk.phpbbparser.PostsPageParserTest" time="0.001"/>
  <testcase name="testPostsPageParser()[142]" classname="xyz.codepunk.phpbbparser.PostsPageParserTest" time="0.001"/>
  <testcase name="testPostsPageParser()[143]" classname="xyz.codepunk.phpbbparser.PostsPageParserTest" time="0.001"/>
  <testcase name="testPostsPageParser()[144]" classname="xyz.codepunk.phpbbparser.PostsPageParserTest" time="0.001"/>
  <testcase name="testPostsPageParser()[145]" classname="xyz.codepunk.phpbbparser.PostsPageParserTest" time="0.0"/>
  <testcase name="testPostsPageParser()[146]" classname="xyz.codepunk.phpbbparser.PostsPageParserTest" time="0.0"/>
  <testcase name="testPostsPageParser()[147]" classname="xyz.codepunk.phpbbparser.PostsPageParserTest" time="0.0"/>
  <testcase name="testPostsPageParser()[148]" classname="xyz.codepunk.phpbbparser.PostsPageParserTest" time="0.0"/>
  <testcase name="testPostsPageParser()[149]" classname="xyz.codepunk.phpbbparser.PostsPageParserTest" time="0.0"/>
  <testcase name="testPostsPageParser()[150]" classname="xyz.codepunk.phpbbparser.PostsPageParserTest" time="0.0"/>
  <testcase name="testPostsPageParser()[151]" classname="xyz.codepunk.phpbbparser.PostsPageParserTest" time="0.0"/>
  <testcase name="testPostsPageParser()[152]" classname="xyz.codepunk.phpbbparser.PostsPageParserTest" time="0.0"/>
  <testcase name="testPostsPageParser()[153]" classname="xyz.codepunk.phpbbparser.PostsPageParserTest" time="0.0"/>
  <system-out><![CDATA[]]></system-out>
  <system-err><![CDATA[]]></system-err>
</testsuite>
