<?xml version="1.0" encoding="UTF-8"?>
<testsuite name="xyz.codepunk.PostsPageParserTest" tests="13" skipped="0" failures="0" errors="0" timestamp="2020-08-25T12:21:35" hostname="megatron" time="0.375">
  <properties/>
  <testcase name="testParsePosts" classname="xyz.codepunk.PostsPageParserTest" time="0.253"/>
  <testcase name="testParseThreadId" classname="xyz.codepunk.PostsPageParserTest" time="0.014"/>
  <testcase name="testParsePostAuthorJoinDate" classname="xyz.codepunk.PostsPageParserTest" time="0.005"/>
  <testcase name="testParsePostElements" classname="xyz.codepunk.PostsPageParserTest" time="0.012"/>
  <testcase name="testParse" classname="xyz.codepunk.PostsPageParserTest" time="0.046"/>
  <testcase name="testParsePost" classname="xyz.codepunk.PostsPageParserTest" time="0.009"/>
  <testcase name="testParsePostAuthorPostCount" classname="xyz.codepunk.PostsPageParserTest" time="0.003"/>
  <testcase name="testParseTotalThreadPosts" classname="xyz.codepunk.PostsPageParserTest" time="0.009"/>
  <testcase name="testParsePostAuthorUsername" classname="xyz.codepunk.PostsPageParserTest" time="0.003"/>
  <testcase name="testParsePostContent" classname="xyz.codepunk.PostsPageParserTest" time="0.003"/>
  <testcase name="testParsePostAuthor" classname="xyz.codepunk.PostsPageParserTest" time="0.007"/>
  <testcase name="testParsePostAuthorId" classname="xyz.codepunk.PostsPageParserTest" time="0.003"/>
  <testcase name="testParsePostDate" classname="xyz.codepunk.PostsPageParserTest" time="0.003"/>
  <system-out><![CDATA[]]></system-out>
  <system-err><![CDATA[]]></system-err>
</testsuite>
